This is pdfTeX, Version 3.141592653-2.6-1.40.25 (MiKTeX 23.4) (preloaded format=pdflatex 2023.4.23)  23 APR 2023 13:54
entering extended mode
 restricted \write18 enabled.
 file:line:error style messages enabled.
 %&-line parsing enabled.
**"e:/Yeison Daniel Molina/Documents/Maestria/TesisMaestria/EncabezadoTesisMSc.tex"
(e:/Yeison Daniel Molina/Documents/Maestria/TesisMaestria/EncabezadoTesisMSc.tex
LaTeX2e <2022-11-01> patch level 1
L3 programming layer <2023-03-30> (C:\Users\Yeison Daniel Molina\AppData\Local\Programs\MiKTeX\tex/latex/koma-script\scrbook.cls
Document Class: scrbook 2022/10/12 v3.38 KOMA-Script document class (book)
(C:\Users\Yeison Daniel Molina\AppData\Local\Programs\MiKTeX\tex/latex/koma-script\scrkbase.sty
Package: scrkbase 2022/10/12 v3.38 KOMA-Script package (KOMA-Script-dependent basics and keyval usage)
 (C:\Users\Yeison Daniel Molina\AppData\Local\Programs\MiKTeX\tex/latex/koma-script\scrbase.sty
Package: scrbase 2022/10/12 v3.38 KOMA-Script package (KOMA-Script-independent basics and keyval usage)
 (C:\Users\Yeison Daniel Molina\AppData\Local\Programs\MiKTeX\tex/latex/koma-script\scrlfile.sty
Package: scrlfile 2022/10/12 v3.38 KOMA-Script package (file load hooks)
 (C:\Users\Yeison Daniel Molina\AppData\Local\Programs\MiKTeX\tex/latex/koma-script\scrlfile-hook.sty
Package: scrlfile-hook 2022/10/12 v3.38 KOMA-Script package (using LaTeX hooks)
 (C:\Users\Yeison Daniel Molina\AppData\Local\Programs\MiKTeX\tex/latex/koma-script\scrlogo.sty
Package: scrlogo 2022/10/12 v3.38 KOMA-Script package (logo)
))) (C:\Users\Yeison Daniel Molina\AppData\Local\Programs\MiKTeX\tex/latex/graphics\keyval.sty
Package: keyval 2022/05/29 v1.15 key=value parser (DPC)
\KV@toks@=\toks16
)
Applying: [2021/05/01] Usage of raw or classic option list on input line 252.
Already applied: [0000/00/00] Usage of raw or classic option list on input line 368.
)) (C:\Users\Yeison Daniel Molina\AppData\Local\Programs\MiKTeX\tex/latex/koma-script\tocbasic.sty
Package: tocbasic 2022/10/12 v3.38 KOMA-Script package (handling toc-files)
\scr@dte@tocline@numberwidth=\skip48
\scr@dte@tocline@numbox=\box51
)
Package tocbasic Info: omitting babel extension for `toc'
(tocbasic)             because of feature `nobabel' available
(tocbasic)             for `toc' on input line 137.
Package scrbook Info: You've used standard option `12pt'.
(scrbook)             This is correct!
(scrbook)             Internally I'm using `fontsize=12pt'.
(scrbook)             If you'd like to set the option with \KOMAoptions,
(scrbook)             you'd have to use `fontsize=12pt' there
(scrbook)             instead of `12pt', too.
 (C:\Users\Yeison Daniel Molina\AppData\Local\Programs\MiKTeX\tex/latex/base\fleqn.clo
File: fleqn.clo 2016/12/29 v1.2b Standard LaTeX option (flush left equations)
\mathindent=\skip49
Applying: [2015/01/01] Make \[ robust on input line 50.
LaTeX Info: Redefining \[ on input line 51.
Already applied: [0000/00/00] Make \[ robust on input line 62.
Applying: [2015/01/01] Make \] robust on input line 74.
LaTeX Info: Redefining \] on input line 75.
Already applied: [0000/00/00] Make \] robust on input line 83.
)
Class scrbook Info: You've used standard option `openany'.
(scrbook)           This is correct!
(scrbook)           Internally I'm using `open=any'.
(scrbook)           If you'd like to set the option with \KOMAoptions,
(scrbook)           you'd have to use `open=any' there
(scrbook)           instead of `openany', too.
Class scrbook Info: File `scrsize12pt.clo' used to setup font sizes on input line 2617.
 (C:\Users\Yeison Daniel Molina\AppData\Local\Programs\MiKTeX\tex/latex/koma-script\scrsize12pt.clo
File: scrsize12pt.clo 2022/10/12 v3.38 KOMA-Script font size class option (12pt)
) (C:\Users\Yeison Daniel Molina\AppData\Local\Programs\MiKTeX\tex/latex/koma-script\typearea.sty
Package: typearea 2022/10/12 v3.38 KOMA-Script package (type area)
\ta@bcor=\skip50
\ta@div=\count185
Package typearea Info: You've used standard option `letterpaper'.
(typearea)             This is correct!
(typearea)             Internally I'm using `paper=letter'.
(typearea)             If you'd like to set the option with \KOMAoptions,
(typearea)             you'd have to use `paper=letter' there
(typearea)             instead of `letterpaper', too.
\ta@hblk=\skip51
\ta@vblk=\skip52
\ta@temp=\skip53
\footheight=\skip54
Package typearea Info: With paper sizes other than (almost) `A4' predefined
(typearea)             DIV values do not exist. Using DIV calculation for good
(typearea)             line width (unless using `version=3.24` or prior).

DIV calculation for typearea with good linewidth.
Package typearea Info: These are the values describing the layout:
(typearea)             DIV  = 8
(typearea)             BCOR = 0.0pt
(typearea)             \paperwidth      = 614.295pt
(typearea)              \textwidth      = 383.9344pt
(typearea)              DIV departure   = 1%
(typearea)              \evensidemargin = 81.30374pt
(typearea)              \oddsidemargin  = 4.51688pt
(typearea)             \paperheight     = 794.96999pt
(typearea)              \textheight     = 505.0pt
(typearea)              \topmargin      = -12.77374pt
(typearea)              \headheight     = 18.125pt
(typearea)              \headsep        = 21.75pt
(typearea)              \topskip        = 12.0pt
(typearea)              \footskip       = 50.75pt
(typearea)              \baselineskip   = 14.5pt
(typearea)              on input line 1767.
)
\c@part=\count186
\c@chapter=\count187
\c@section=\count188
\c@subsection=\count189
\c@subsubsection=\count190
\c@paragraph=\count191
\c@subparagraph=\count192
\scr@dte@chapter@maxnumwidth=\skip55
Class scrbook Info: using compatibility default `afterindent=bysign'
(scrbook)           for `\chapter on input line 5898.
\scr@dte@section@maxnumwidth=\skip56
Class scrbook Info: using compatibility default `runin=bysign'
(scrbook)           for `\section on input line 5909.
Class scrbook Info: using compatibility default `afterindent=bysign'
(scrbook)           for `\section on input line 5909.
\scr@dte@part@maxnumwidth=\skip57
Class scrbook Info: using compatibility default `afterindent=true'
(scrbook)           for `\part on input line 5918.
\scr@dte@subsection@maxnumwidth=\skip58
Class scrbook Info: using compatibility default `runin=bysign'
(scrbook)           for `\subsection on input line 5928.
Class scrbook Info: using compatibility default `afterindent=bysign'
(scrbook)           for `\subsection on input line 5928.
\scr@dte@subsubsection@maxnumwidth=\skip59
Class scrbook Info: using compatibility default `runin=bysign'
(scrbook)           for `\subsubsection on input line 5938.
Class scrbook Info: using compatibility default `afterindent=bysign'
(scrbook)           for `\subsubsection on input line 5938.
\scr@dte@paragraph@maxnumwidth=\skip60
Class scrbook Info: using compatibility default `runin=bysign'
(scrbook)           for `\paragraph on input line 5949.
Class scrbook Info: using compatibility default `afterindent=bysign'
(scrbook)           for `\paragraph on input line 5949.
\scr@dte@subparagraph@maxnumwidth=\skip61
Class scrbook Info: using compatibility default `runin=bysign'
(scrbook)           for `\subparagraph on input line 5959.
Class scrbook Info: using compatibility default `afterindent=bysign'
(scrbook)           for `\subparagraph on input line 5959.
\abovecaptionskip=\skip62
\belowcaptionskip=\skip63
\c@pti@nb@sid@b@x=\box52
Package tocbasic Info: omitting babel extension for `lof'
(tocbasic)             because of feature `nobabel' available
(tocbasic)             for `lof' on input line 7142.
\scr@dte@figure@maxnumwidth=\skip64
\c@figure=\count193
Package tocbasic Info: omitting babel extension for `lot'
(tocbasic)             because of feature `nobabel' available
(tocbasic)             for `lot' on input line 7159.
\scr@dte@table@maxnumwidth=\skip65
\c@table=\count194
Class scrbook Info: Redefining `\numberline' on input line 7330.
\bibindent=\dimen140
) (C:\Users\Yeison Daniel Molina\AppData\Local\Programs\MiKTeX\tex/latex/base\inputenc.sty
Package: inputenc 2021/02/14 v1.3d Input encoding file
\inpenc@prehook=\toks17
\inpenc@posthook=\toks18
) (C:\Users\Yeison Daniel Molina\AppData\Local\Programs\MiKTeX\tex/generic/babel\babel.sty
Package: babel 2023/03/28 3.87 The Babel package
\babel@savecnt=\count195
\U@D=\dimen141
\l@unhyphenated=\language79
 (C:\Users\Yeison Daniel Molina\AppData\Local\Programs\MiKTeX\tex/generic/babel\txtbabel.def)
\bbl@readstream=\read2
\bbl@dirlevel=\count196

*************************************
* Local config file bblopts.cfg used
*
(C:\Users\Yeison Daniel Molina\AppData\Local\Programs\MiKTeX\tex/latex/arabi\bblopts.cfg
File: bblopts.cfg 2005/09/08 v0.1 add Arabic and Farsi to "declared" options of babel
) (C:\Users\Yeison Daniel Molina\AppData\Local\Programs\MiKTeX\tex/latex/babel-spanish\spanish.ldf
Language: spanish.ldf 2021/05/27 v5.0q Spanish support from the babel system
\es@quottoks=\toks19
\es@quotdepth=\count197
Package babel Info: Making " an active character on input line 570.
Package babel Info: Making . an active character on input line 675.
Package babel Info: Making < an active character on input line 722.
Package babel Info: Making > an active character on input line 722.
)) (C:\Users\Yeison Daniel Molina\AppData\Local\Programs\MiKTeX\tex/generic/babel/locale/es\babel-spanish.tex
Package babel Info: Importing font and identification data for spanish
(babel)             from babel-es.ini. Reported on input line 11.
) (C:\Users\Yeison Daniel Molina\AppData\Local\Programs\MiKTeX\tex/latex/mhchem\mhchem.sty
Package: mhchem 2021/12/31 v4.09 for typesetting chemical formulae
 (C:\Users\Yeison Daniel Molina\AppData\Local\Programs\MiKTeX\tex/latex/l3kernel\expl3.sty
Package: expl3 2023-03-30 L3 programming layer (loader) 
 (C:\Users\Yeison Daniel Molina\AppData\Local\Programs\MiKTeX\tex/latex/l3backend\l3backend-pdftex.def
File: l3backend-pdftex.def 2023-03-30 L3 backend support: PDF output (pdfTeX)
\l__color_backend_stack_int=\count198
\l__pdf_internal_box=\box53
)) (C:\Users\Yeison Daniel Molina\AppData\Local\Programs\MiKTeX\tex/latex/l3packages/l3keys2e\l3keys2e.sty
Package: l3keys2e 2023-02-02 LaTeX2e option processing using LaTeX3 keys
) (C:\Users\Yeison Daniel Molina\AppData\Local\Programs\MiKTeX\tex/latex/tools\calc.sty
Package: calc 2017/05/25 v4.3 Infix arithmetic (KKT,FJ)
\calc@Acount=\count199
\calc@Bcount=\count266
\calc@Adimen=\dimen142
\calc@Bdimen=\dimen143
\calc@Askip=\skip66
\calc@Bskip=\skip67
LaTeX Info: Redefining \setlength on input line 80.
LaTeX Info: Redefining \addtolength on input line 81.
\calc@Ccount=\count267
\calc@Cskip=\skip68
) (C:\Users\Yeison Daniel Molina\AppData\Local\Programs\MiKTeX\tex/latex/amsmath\amsmath.sty
Package: amsmath 2022/04/08 v2.17n AMS math features
\@mathmargin=\skip69

For additional information on amsmath, use the `?' option.
(C:\Users\Yeison Daniel Molina\AppData\Local\Programs\MiKTeX\tex/latex/amsmath\amstext.sty
Package: amstext 2021/08/26 v2.01 AMS text
 (C:\Users\Yeison Daniel Molina\AppData\Local\Programs\MiKTeX\tex/latex/amsmath\amsgen.sty
File: amsgen.sty 1999/11/30 v2.0 generic functions
\@emptytoks=\toks20
\ex@=\dimen144
)) (C:\Users\Yeison Daniel Molina\AppData\Local\Programs\MiKTeX\tex/latex/amsmath\amsbsy.sty
Package: amsbsy 1999/11/29 v1.2d Bold Symbols
\pmbraise@=\dimen145
) (C:\Users\Yeison Daniel Molina\AppData\Local\Programs\MiKTeX\tex/latex/amsmath\amsopn.sty
Package: amsopn 2022/04/08 v2.04 operator names
)
\inf@bad=\count268
LaTeX Info: Redefining \frac on input line 234.
\uproot@=\count269
\leftroot@=\count270
LaTeX Info: Redefining \overline on input line 399.
LaTeX Info: Redefining \colon on input line 410.
\classnum@=\count271
\DOTSCASE@=\count272
LaTeX Info: Redefining \ldots on input line 496.
LaTeX Info: Redefining \dots on input line 499.
LaTeX Info: Redefining \cdots on input line 620.
\Mathstrutbox@=\box54
\strutbox@=\box55
LaTeX Info: Redefining \big on input line 722.
LaTeX Info: Redefining \Big on input line 723.
LaTeX Info: Redefining \bigg on input line 724.
LaTeX Info: Redefining \Bigg on input line 725.
\big@size=\dimen146
LaTeX Font Info:    Redeclaring font encoding OML on input line 743.
LaTeX Font Info:    Redeclaring font encoding OMS on input line 744.
\macc@depth=\count273
LaTeX Info: Redefining \bmod on input line 905.
LaTeX Info: Redefining \pmod on input line 910.
LaTeX Info: Redefining \smash on input line 940.
LaTeX Info: Redefining \relbar on input line 970.
LaTeX Info: Redefining \Relbar on input line 971.
\c@MaxMatrixCols=\count274
\dotsspace@=\muskip16
\c@parentequation=\count275
\dspbrk@lvl=\count276
\tag@help=\toks21
\row@=\count277
\column@=\count278
\maxfields@=\count279
\andhelp@=\toks22
\eqnshift@=\dimen147
\alignsep@=\dimen148
\tagshift@=\dimen149
\tagwidth@=\dimen150
\totwidth@=\dimen151
\lineht@=\dimen152
\@envbody=\toks23
\multlinegap=\skip70
\multlinetaggap=\skip71
\mathdisplay@stack=\toks24
LaTeX Info: Redefining \[ on input line 2953.
LaTeX Info: Redefining \] on input line 2954.
) (C:\Users\Yeison Daniel Molina\AppData\Local\Programs\MiKTeX\tex/latex/chemgreek\chemgreek.sty (C:\Users\Yeison Daniel Molina\AppData\Local\Programs\MiKTeX\tex/latex/l3packages/xparse\xparse.sty
Package: xparse 2023-02-02 L3 Experimental document command parser
)
Package: chemgreek 2020/01/16 v1.1a interface for upright Greek letters for use in chemistry (CN)
\l__chemgreek_tmpa_int=\count280
\g__chemgreek_tmpa_int=\count281
) (C:\Users\Yeison Daniel Molina\AppData\Local\Programs\MiKTeX\tex/latex/graphics\graphics.sty
Package: graphics 2022/03/10 v1.4e Standard LaTeX Graphics (DPC,SPQR)
 (C:\Users\Yeison Daniel Molina\AppData\Local\Programs\MiKTeX\tex/latex/graphics\trig.sty
Package: trig 2021/08/11 v1.11 sin cos tan (DPC)
) (C:\Users\Yeison Daniel Molina\AppData\Local\Programs\MiKTeX\tex/latex/graphics-cfg\graphics.cfg
File: graphics.cfg 2016/06/04 v1.11 sample graphics configuration
)
Package graphics Info: Driver file: pdftex.def on input line 107.
 (C:\Users\Yeison Daniel Molina\AppData\Local\Programs\MiKTeX\tex/latex/graphics-def\pdftex.def
File: pdftex.def 2022/09/22 v1.2b Graphics/color driver for pdftex
))
\l__mhchem_ce_distanceFromLastComma_int=\count282
\__mhchem_arrow_extPgfLength_skip=\skip72
\mhchem@minispace@tmp=\skip73
\mhchem@minibackspace@tmp=\skip74
\mhchem@bondwidth=\skip75
\mhchem@bondheight=\skip76
\mhchem@smallbondwidth@tmpA=\skip77
\mhchem@smallbondwidth@tmpB=\skip78
\mhchem@smallbondwidth=\skip79
\mhchem@bondtmp@minussidebearingleft=\skip80
\mhchem@bondtmp@minussidebearingright=\skip81
\l__mhchem_option_version_int=\count283
\mhchem@option@minusmathsidebearingleft=\dimen153
\mhchem@option@minusmathsidebearingright=\dimen154
\mhchem@option@minustextsidebearingleft=\dimen155
\mhchem@option@minustextsidebearingright=\dimen156
)

Class scrbook Warning: Usage of package `fancyhdr' together
(scrbook)              with a KOMA-Script class is not recommended.
(scrbook)              I'd suggest to use 
(scrbook)              package `scrlayer' or `scrlayer-scrpage', because
(scrbook)              they support KOMA-Script classes.
(scrbook)              With `fancyhdr' several features of class `scrbook'
(scrbook)              like options `headsepline', `footsepline' or command
(scrbook)              `\MakeMarkcase' and the commands `\setkomafont' and
(scrbook)              `\addtokomafont' for the page style elements need
(scrbook)              explicite user intervention to work.
(scrbook)              Nevertheless, using requested
(scrbook)              package `fancyhdr' on input line 7.

(C:\Users\Yeison Daniel Molina\AppData\Local\Programs\MiKTeX\tex/latex/fancyhdr\fancyhdr.sty
Package: fancyhdr 2022/11/09 v4.1 Extensive control of page headers and footers
\f@nch@headwidth=\skip82
\f@nch@O@elh=\skip83
\f@nch@O@erh=\skip84
\f@nch@O@olh=\skip85
\f@nch@O@orh=\skip86
\f@nch@O@elf=\skip87
\f@nch@O@erf=\skip88
\f@nch@O@olf=\skip89
\f@nch@O@orf=\skip90
) (C:\Users\Yeison Daniel Molina\AppData\Local\Programs\MiKTeX\tex/latex/graphics\epsfig.sty
Package: epsfig 2017/06/25 v1.7b (e)psfig emulation (SPQR)
 (C:\Users\Yeison Daniel Molina\AppData\Local\Programs\MiKTeX\tex/latex/graphics\graphicx.sty
Package: graphicx 2021/09/16 v1.2d Enhanced LaTeX Graphics (DPC,SPQR)
\Gin@req@height=\dimen157
\Gin@req@width=\dimen158
)
\epsfxsize=\dimen159
\epsfysize=\dimen160
) (C:\Users\Yeison Daniel Molina\AppData\Local\Programs\MiKTeX\tex/latex/eepic\epic.sty
Enhancements to Picture Environment. Version 1.2 - Released June 1, 1986
\@@multicnt=\count284
\d@lta=\count285
\@delta=\dimen161
\@@delta=\dimen162
\@gridcnt=\count286
\@joinkind=\count287
\@dotgap=\dimen163
\@ddotgap=\dimen164
\@x@diff=\count288
\@y@diff=\count289
\x@diff=\dimen165
\y@diff=\dimen166
\@dotbox=\box56
\num@segments=\count290
\num@segmentsi=\count291
\@datafile=\read3
) (C:\Users\Yeison Daniel Molina\AppData\Local\Programs\MiKTeX\tex/latex/booktabs\booktabs.sty
Package: booktabs 2020/01/12 v1.61803398 Publication quality tables
\heavyrulewidth=\dimen167
\lightrulewidth=\dimen168
\cmidrulewidth=\dimen169
\belowrulesep=\dimen170
\belowbottomsep=\dimen171
\aboverulesep=\dimen172
\abovetopsep=\dimen173
\cmidrulesep=\dimen174
\cmidrulekern=\dimen175
\defaultaddspace=\dimen176
\@cmidla=\count292
\@cmidlb=\count293
\@aboverulesep=\dimen177
\@belowrulesep=\dimen178
\@thisruleclass=\count294
\@lastruleclass=\count295
\@thisrulewidth=\dimen179
) (C:\Users\Yeison Daniel Molina\AppData\Local\Programs\MiKTeX\tex/latex/multirow\multirow.sty
Package: multirow 2021/03/15 v2.8 Span multiple rows of a table
\multirow@colwidth=\skip91
\multirow@cntb=\count296
\multirow@dima=\skip92
\bigstrutjot=\dimen180
) (C:\Users\Yeison Daniel Molina\AppData\Local\Programs\MiKTeX\tex/latex/xcolor\xcolor.sty
Package: xcolor 2022/06/12 v2.14 LaTeX color extensions (UK)
 (C:\Users\Yeison Daniel Molina\AppData\Local\Programs\MiKTeX\tex/latex/graphics-cfg\color.cfg
File: color.cfg 2016/01/02 v1.6 sample color configuration
)
Package xcolor Info: Driver file: pdftex.def on input line 227.
 (C:\Users\Yeison Daniel Molina\AppData\Local\Programs\MiKTeX\tex/latex/colortbl\colortbl.sty
Package: colortbl 2022/06/20 v1.0f Color table columns (DPC)
 (C:\Users\Yeison Daniel Molina\AppData\Local\Programs\MiKTeX\tex/latex/tools\array.sty
Package: array 2022/09/04 v2.5g Tabular extension package (FMi)
\col@sep=\dimen181
\ar@mcellbox=\box57
\extrarowheight=\dimen182
\NC@list=\toks25
\extratabsurround=\skip93
\backup@length=\skip94
\ar@cellbox=\box58
)
\everycr=\toks26
\minrowclearance=\skip95
\rownum=\count297
) (C:\Users\Yeison Daniel Molina\AppData\Local\Programs\MiKTeX\tex/latex/graphics\mathcolor.ltx)
Package xcolor Info: Model `cmy' substituted by `cmy0' on input line 1353.
Package xcolor Info: Model `hsb' substituted by `rgb' on input line 1357.
Package xcolor Info: Model `RGB' extended on input line 1369.
Package xcolor Info: Model `HTML' substituted by `rgb' on input line 1371.
Package xcolor Info: Model `Hsb' substituted by `hsb' on input line 1372.
Package xcolor Info: Model `tHsb' substituted by `hsb' on input line 1373.
Package xcolor Info: Model `HSB' substituted by `hsb' on input line 1374.
Package xcolor Info: Model `Gray' substituted by `gray' on input line 1375.
Package xcolor Info: Model `wave' substituted by `hsb' on input line 1376.
) (C:\Users\Yeison Daniel Molina\AppData\Local\Programs\MiKTeX\tex/latex/eepic\eepic.sty
Extension to Epic and LaTeX. Version 1.1e - Released Dec 21, 1999
\@gphlinewidth=\count298
\@eepictcnt=\count299
\@tempdimc=\dimen183
\maxovaldiam=\dimen184
\@filltype=\box59
) (C:\Users\Yeison Daniel Molina\AppData\Local\Programs\MiKTeX\tex/latex/threeparttable\threeparttable.sty
Package: threeparttable 2003/06/13  v 3.0
\@tempboxb=\box60
) (C:\Users\Yeison Daniel Molina\AppData\Local\Programs\MiKTeX\tex/latex/amsmath\amscd.sty
Package: amscd 2017/04/14 v2.1 AMS Commutative Diagrams
\athelp@=\toks27
\minaw@=\dimen185
\bigaw@=\dimen186
\minCDarrowwidth=\dimen187
) (C:\Users\Yeison Daniel Molina\AppData\Local\Programs\MiKTeX\tex/latex/here\here.sty) (C:\Users\Yeison Daniel Molina\AppData\Local\Programs\MiKTeX\tex/latex/float\float.sty
Package: float 2001/11/08 v1.3d Float enhancements (AL)
\c@float@type=\count300
\float@exts=\toks28
\float@box=\box61
\@float@everytoks=\toks29
\@floatcapt=\box62
) (C:\Users\Yeison Daniel Molina\AppData\Local\Programs\MiKTeX\tex/latex/tools\tabularx.sty
Package: tabularx 2020/01/15 v2.11c `tabularx' package (DPC)
\TX@col@width=\dimen188
\TX@old@table=\dimen189
\TX@old@col=\dimen190
\TX@target=\dimen191
\TX@delta=\dimen192
\TX@cols=\count301
\TX@ftn=\toks30
) (C:\Users\Yeison Daniel Molina\AppData\Local\Programs\MiKTeX\tex/latex/subfigure\subfigure.sty
Package: subfigure 2002/07/30 v2.1.4 subfigure package
\subfigtopskip=\skip96
\subfigcapskip=\skip97
\subfigcaptopadj=\dimen193
\subfigbottomskip=\skip98
\subfigcapmargin=\dimen194
\subfiglabelskip=\skip99
\c@subfigure=\count302
\c@lofdepth=\count303
\c@subtable=\count304
\c@lotdepth=\count305

****************************************
* Local config file subfigure.cfg used *
****************************************
(C:\Users\Yeison Daniel Molina\AppData\Local\Programs\MiKTeX\tex/latex/subfigure\subfigure.cfg)
\subfig@top=\skip100
\subfig@bottom=\skip101
) (C:\Users\Yeison Daniel Molina\AppData\Local\Programs\MiKTeX\tex/latex/tools\longtable.sty
Package: longtable 2021-09-01 v4.17 Multi-page Table package (DPC)
\LTleft=\skip102
\LTright=\skip103
\LTpre=\skip104
\LTpost=\skip105
\LTchunksize=\count306
\LTcapwidth=\dimen195
\LT@head=\box63
\LT@firsthead=\box64
\LT@foot=\box65
\LT@lastfoot=\box66
\LT@gbox=\box67
\LT@cols=\count307
\LT@rows=\count308
\c@LT@tables=\count309
\c@LT@chunks=\count310
\LT@p@ftn=\toks31
)
Class scrbook Info: longtable captions redefined on input line 22.
 (C:\Users\Yeison Daniel Molina\AppData\Local\Programs\MiKTeX\tex/latex/cite\cite.sty
LaTeX Info: Redefining \cite on input line 302.
LaTeX Info: Redefining \nocite on input line 332.
Package: cite 2015/02/27  v 5.5
) (C:\Users\Yeison Daniel Molina\AppData\Local\Programs\MiKTeX\tex/latex/base\textcomp.sty
Package: textcomp 2020/02/02 v2.0n Standard LaTeX package
) (C:\Users\Yeison Daniel Molina\AppData\Local\Programs\MiKTeX\tex/latex/hyperref\hyperref.sty
Package: hyperref 2023-02-07 v7.00v Hypertext links for LaTeX
 (C:\Users\Yeison Daniel Molina\AppData\Local\Programs\MiKTeX\tex/generic/ltxcmds\ltxcmds.sty
Package: ltxcmds 2020-05-10 v1.25 LaTeX kernel commands for general use (HO)
) (C:\Users\Yeison Daniel Molina\AppData\Local\Programs\MiKTeX\tex/generic/iftex\iftex.sty
Package: iftex 2022/02/03 v1.0f TeX engine tests
) (C:\Users\Yeison Daniel Molina\AppData\Local\Programs\MiKTeX\tex/generic/pdftexcmds\pdftexcmds.sty
Package: pdftexcmds 2020-06-27 v0.33 Utility functions of pdfTeX for LuaTeX (HO)
 (C:\Users\Yeison Daniel Molina\AppData\Local\Programs\MiKTeX\tex/generic/infwarerr\infwarerr.sty
Package: infwarerr 2019/12/03 v1.5 Providing info/warning/error messages (HO)
)
Package pdftexcmds Info: \pdf@primitive is available.
Package pdftexcmds Info: \pdf@ifprimitive is available.
Package pdftexcmds Info: \pdfdraftmode found.
) (C:\Users\Yeison Daniel Molina\AppData\Local\Programs\MiKTeX\tex/latex/kvsetkeys\kvsetkeys.sty
Package: kvsetkeys 2022-10-05 v1.19 Key value parser (HO)
) (C:\Users\Yeison Daniel Molina\AppData\Local\Programs\MiKTeX\tex/generic/kvdefinekeys\kvdefinekeys.sty
Package: kvdefinekeys 2019-12-19 v1.6 Define keys (HO)
) (C:\Users\Yeison Daniel Molina\AppData\Local\Programs\MiKTeX\tex/generic/pdfescape\pdfescape.sty
Package: pdfescape 2019/12/09 v1.15 Implements pdfTeX's escape features (HO)
) (C:\Users\Yeison Daniel Molina\AppData\Local\Programs\MiKTeX\tex/latex/hycolor\hycolor.sty
Package: hycolor 2020-01-27 v1.10 Color options for hyperref/bookmark (HO)
) (C:\Users\Yeison Daniel Molina\AppData\Local\Programs\MiKTeX\tex/latex/letltxmacro\letltxmacro.sty
Package: letltxmacro 2019/12/03 v1.6 Let assignment for LaTeX macros (HO)
) (C:\Users\Yeison Daniel Molina\AppData\Local\Programs\MiKTeX\tex/latex/auxhook\auxhook.sty
Package: auxhook 2019-12-17 v1.6 Hooks for auxiliary files (HO)
) (C:\Users\Yeison Daniel Molina\AppData\Local\Programs\MiKTeX\tex/latex/hyperref\nameref.sty
Package: nameref 2022-05-17 v2.50 Cross-referencing by name of section
 (C:\Users\Yeison Daniel Molina\AppData\Local\Programs\MiKTeX\tex/latex/refcount\refcount.sty
Package: refcount 2019/12/15 v3.6 Data extraction from label references (HO)
) (C:\Users\Yeison Daniel Molina\AppData\Local\Programs\MiKTeX\tex/generic/gettitlestring\gettitlestring.sty
Package: gettitlestring 2019/12/15 v1.6 Cleanup title references (HO)
 (C:\Users\Yeison Daniel Molina\AppData\Local\Programs\MiKTeX\tex/latex/kvoptions\kvoptions.sty
Package: kvoptions 2022-06-15 v3.15 Key value format for package options (HO)
))
\c@section@level=\count311
)
\@linkdim=\dimen196
\Hy@linkcounter=\count312
\Hy@pagecounter=\count313
 (C:\Users\Yeison Daniel Molina\AppData\Local\Programs\MiKTeX\tex/latex/hyperref\pd1enc.def
File: pd1enc.def 2023-02-07 v7.00v Hyperref: PDFDocEncoding definition (HO)
Now handling font encoding PD1 ...
... no UTF-8 mapping file for font encoding PD1
) (C:\Users\Yeison Daniel Molina\AppData\Local\Programs\MiKTeX\tex/generic/intcalc\intcalc.sty
Package: intcalc 2019/12/15 v1.3 Expandable calculations with integers (HO)
) (C:\Users\Yeison Daniel Molina\AppData\Local\Programs\MiKTeX\tex/generic/etexcmds\etexcmds.sty
Package: etexcmds 2019/12/15 v1.7 Avoid name clashes with e-TeX commands (HO)
)
\Hy@SavedSpaceFactor=\count314
 (C:\Users\Yeison Daniel Molina\AppData\Local\Programs\MiKTeX\tex/latex/hyperref\puenc.def
File: puenc.def 2023-02-07 v7.00v Hyperref: PDF Unicode definition (HO)
Now handling font encoding PU ...
... no UTF-8 mapping file for font encoding PU
)
Package hyperref Info: Hyper figures OFF on input line 4177.
Package hyperref Info: Link nesting OFF on input line 4182.
Package hyperref Info: Hyper index ON on input line 4185.
Package hyperref Info: Plain pages OFF on input line 4192.
Package hyperref Info: Backreferencing OFF on input line 4197.
Package hyperref Info: Implicit mode ON; LaTeX internals redefined.
Package hyperref Info: Bookmarks ON on input line 4425.
\c@Hy@tempcnt=\count315
 (C:\Users\Yeison Daniel Molina\AppData\Local\Programs\MiKTeX\tex/latex/url\url.sty
\Urlmuskip=\muskip17
Package: url 2013/09/16  ver 3.4  Verb mode for urls, etc.
)
LaTeX Info: Redefining \url on input line 4763.
\XeTeXLinkMargin=\dimen197
 (C:\Users\Yeison Daniel Molina\AppData\Local\Programs\MiKTeX\tex/generic/bitset\bitset.sty
Package: bitset 2019/12/09 v1.3 Handle bit-vector datatype (HO)
 (C:\Users\Yeison Daniel Molina\AppData\Local\Programs\MiKTeX\tex/generic/bigintcalc\bigintcalc.sty
Package: bigintcalc 2019/12/15 v1.5 Expandable calculations on big integers (HO)
))
\Fld@menulength=\count316
\Field@Width=\dimen198
\Fld@charsize=\dimen199
Package hyperref Info: Hyper figures OFF on input line 6042.
Package hyperref Info: Link nesting OFF on input line 6047.
Package hyperref Info: Hyper index ON on input line 6050.
Package hyperref Info: backreferencing OFF on input line 6057.
Package hyperref Info: Link coloring OFF on input line 6062.
Package hyperref Info: Link coloring with OCG OFF on input line 6067.
Package hyperref Info: PDF/A mode OFF on input line 6072.
 (C:\Users\Yeison Daniel Molina\AppData\Local\Programs\MiKTeX\tex/latex/base\atbegshi-ltx.sty
Package: atbegshi-ltx 2021/01/10 v1.0c Emulation of the original atbegshi
package with kernel methods
)
\Hy@abspage=\count317
\c@Item=\count318
\c@Hfootnote=\count319
)
Package hyperref Info: Driver (autodetected): hpdftex.
 (C:\Users\Yeison Daniel Molina\AppData\Local\Programs\MiKTeX\tex/latex/hyperref\hpdftex.def
File: hpdftex.def 2023-02-07 v7.00v Hyperref driver for pdfTeX
 (C:\Users\Yeison Daniel Molina\AppData\Local\Programs\MiKTeX\tex/latex/base\atveryend-ltx.sty
Package: atveryend-ltx 2020/08/19 v1.0a Emulation of the original atveryend package
with kernel methods
)
\Fld@listcount=\count320
\c@bookmark@seq@number=\count321
 (C:\Users\Yeison Daniel Molina\AppData\Local\Programs\MiKTeX\tex/latex/rerunfilecheck\rerunfilecheck.sty
Package: rerunfilecheck 2022-07-10 v1.10 Rerun checks for auxiliary files (HO)
 (C:\Users\Yeison Daniel Molina\AppData\Local\Programs\MiKTeX\tex/generic/uniquecounter\uniquecounter.sty
Package: uniquecounter 2019/12/15 v1.4 Provide unlimited unique counter (HO)
)
Package uniquecounter Info: New unique counter `rerunfilecheck' on input line 285.
)
\Hy@SectionHShift=\skip106
) (C:\Users\Yeison Daniel Molina\AppData\Local\Programs\MiKTeX\tex/latex/graphics\rotating.sty
Package: rotating 2016/08/11 v2.16d rotated objects in LaTeX
 (C:\Users\Yeison Daniel Molina\AppData\Local\Programs\MiKTeX\tex/latex/base\ifthen.sty
Package: ifthen 2022/04/13 v1.1d Standard LaTeX ifthen package (DPC)
)
\c@r@tfl@t=\count322
\rotFPtop=\skip107
\rotFPbot=\skip108
\rot@float@box=\box68
\rot@mess@toks=\toks32
) (Befehle.sty) (EncabezadoTesisMSc.aux (HojaTitulo/HojaTituloMSc.aux)
LaTeX Info: Redefining \. on input line 25.
LaTeX Info: Redefining \% on input line 25.
 (Kap1/Kap1.aux) (Kap2/Kap2.aux) (Kap3/Kap3.aux) (Kap4/Kap4.aux) (Kap5/Kap5.aux) (Kap6/Kap6.aux) (Conc/Conc.aux) (Anexos/Anexos.aux))
\openout1 = `EncabezadoTesisMSc.aux'.

LaTeX Font Info:    Checking defaults for OML/cmm/m/it on input line 67.
LaTeX Font Info:    ... okay on input line 67.
LaTeX Font Info:    Checking defaults for OMS/cmsy/m/n on input line 67.
LaTeX Font Info:    ... okay on input line 67.
LaTeX Font Info:    Checking defaults for OT1/cmr/m/n on input line 67.
LaTeX Font Info:    ... okay on input line 67.
LaTeX Font Info:    Checking defaults for T1/cmr/m/n on input line 67.
LaTeX Font Info:    ... okay on input line 67.
LaTeX Font Info:    Checking defaults for TS1/cmr/m/n on input line 67.
LaTeX Font Info:    ... okay on input line 67.
LaTeX Font Info:    Checking defaults for OMX/cmex/m/n on input line 67.
LaTeX Font Info:    ... okay on input line 67.
LaTeX Font Info:    Checking defaults for U/cmr/m/n on input line 67.
LaTeX Font Info:    ... okay on input line 67.
LaTeX Font Info:    Checking defaults for PD1/pdf/m/n on input line 67.
LaTeX Font Info:    ... okay on input line 67.
LaTeX Font Info:    Checking defaults for PU/pdf/m/n on input line 67.
LaTeX Font Info:    ... okay on input line 67.
LaTeX Info: Redefining \. on input line 67.
LaTeX Info: Redefining \% on input line 67.

Package chemgreek Info: Activating mapping `default' on line 67.

 (C:\Users\Yeison Daniel Molina\AppData\Local\Programs\MiKTeX\tex/context/base/mkii\supp-pdf.mkii
[Loading MPS to PDF converter (version 2006.09.02).]
\scratchcounter=\count323
\scratchdimen=\dimen256
\scratchbox=\box69
\nofMPsegments=\count324
\nofMParguments=\count325
\everyMPshowfont=\toks33
\MPscratchCnt=\count326
\MPscratchDim=\dimen257
\MPnumerator=\count327
\makeMPintoPDFobject=\count328
\everyMPtoPDFconversion=\toks34
) (C:\Users\Yeison Daniel Molina\AppData\Local\Programs\MiKTeX\tex/latex/epstopdf-pkg\epstopdf-base.sty
Package: epstopdf-base 2020-01-24 v2.11 Base part for package epstopdf
Package epstopdf-base Info: Redefining graphics rule for `.eps' on input line 485.
 (C:\Users\Yeison Daniel Molina\AppData\Local\Programs\MiKTeX\tex/latex/00miktex\epstopdf-sys.cfg
File: epstopdf-sys.cfg 2021/03/18 v2.0 Configuration of epstopdf for MiKTeX
))
Package hyperref Info: Link coloring OFF on input line 67.
 (EncabezadoTesisMSc.out) (EncabezadoTesisMSc.out)
\@outlinefile=\write3
\openout3 = `EncabezadoTesisMSc.out'.

Class scrbook Info: loading recommended package `bookmark'.
(scrbook)           Using `bookmark' together with `hyperref' is recommended,
(scrbook)           because of handling of possible bookmark level gaps.
(scrbook)           You can avoid loading `bookmark' with KOMA-Script option
(scrbook)           `bookmarkpackage=false' before \begin{document} and
(scrbook)           you can avoid this message adding:
(scrbook)             \usepackage{bookmark}
(scrbook)           before \begin{document} on input line 67.
Class scrbook Info: temporary deactivation of babel-spanish quoting  on input line 67.
 (C:\Users\Yeison Daniel Molina\AppData\Local\Programs\MiKTeX\tex/latex/bookmark\bookmark.sty
Package: bookmark 2020-11-06 v1.29 PDF bookmarks (HO)
 (C:\Users\Yeison Daniel Molina\AppData\Local\Programs\MiKTeX\tex/latex/bookmark\bkm-pdftex.def
File: bkm-pdftex.def 2020-11-06 v1.29 bookmark driver for pdfTeX (HO)
\BKM@id=\count329
))
Class scrbook Info: reactivation of babel-spanish quoting  on input line 67.
\openout2 = `HojaTitulo/HojaTituloMSc.aux'.

 (HojaTitulo/HojaTituloMSc.tex
<HojaTitulo/LogoUPTC.jpg, id=3, 513.92pt x 103.38625pt>
File: HojaTitulo/LogoUPTC.jpg Graphic file (type jpg)
<use HojaTitulo/LogoUPTC.jpg>
Package pdftex.def Info: HojaTitulo/LogoUPTC.jpg  used on input line 7.
(pdftex.def)             Requested size: 359.74153pt x 72.36987pt.

Underfull \vbox (badness 1112) has occurred while \output is active []

 [1


{C:/Users/Yeison Daniel Molina/AppData/Local/MiKTeX/fonts/map/pdftex/pdftex.map} <./HojaTitulo/LogoUPTC.jpg>]
Underfull \vbox (badness 10000) has occurred while \output is active []

 [2]
Underfull \hbox (badness 10000) in paragraph at lines 57--61

 []


Underfull \hbox (badness 10000) in paragraph at lines 57--61

 []


Underfull \hbox (badness 10000) in paragraph at lines 57--61

 []


Underfull \hbox (badness 10000) in paragraph at lines 57--61

 []


Underfull \hbox (badness 10000) in paragraph at lines 64--72

 []


Underfull \hbox (badness 10000) in paragraph at lines 64--72

 []

[3]
Underfull \hbox (badness 10000) in paragraph at lines 79--84

 []


Underfull \hbox (badness 10000) in paragraph at lines 79--84

 []


Underfull \hbox (badness 10000) in paragraph at lines 79--84

 []


Underfull \hbox (badness 10000) in paragraph at lines 79--84

 []

[4]
Underfull \hbox (badness 10000) in paragraph at lines 97--100

 []


Underfull \hbox (badness 10000) in paragraph at lines 97--100

 []


Underfull \hbox (badness 10000) in paragraph at lines 101--127

 []

) [5] (EncabezadoTesisMSc.lof
LaTeX Info: Redefining \. on input line 1.
LaTeX Info: Redefining \% on input line 1.
Package tocbasic Info: Using my definition of `\numberline' on input line 3.
Package tocbasic Info: Using my definition of `\numberline' on input line 6.
Package tocbasic Info: Using my definition of `\numberline' on input line 7.
Package tocbasic Info: Using my definition of `\numberline' on input line 8.
Package tocbasic Info: Using my definition of `\numberline' on input line 9.
Package tocbasic Info: Using my definition of `\numberline' on input line 10.

Overfull \hbox (8.91891pt too wide) in paragraph at lines 10--10
 [][] [][]\OT1/cmr/m/n/12 Espectros de ab-sor-ci^^Son en la re-gi^^Son NIR pa-ra las mues-tras $[][][][][][][][][][][][]$:$[][][]$ 
 []

Package tocbasic Info: Using my definition of `\numberline' on input line 12.
Package tocbasic Info: Using my definition of `\numberline' on input line 13.
Package tocbasic Info: Using my definition of `\numberline' on input line 14.

Overfull \hbox (39.82683pt too wide) in paragraph at lines 14--14
 [][] [][]\OT1/cmr/m/n/12 Espectros de ab-sor-ci^^Son en la re-gi^^Son UV-Vis pa-ra las mues-tras de $[][][][][][][][][][][][]$:$[][][]$ 
 []

Package tocbasic Info: Using my definition of `\numberline' on input line 15.

Underfull \vbox (badness 10000) has occurred while \output is active []

 [6



]
Package tocbasic Info: Using my definition of `\numberline' on input line 16.
Package tocbasic Info: Using my definition of `\numberline' on input line 17.
Package tocbasic Info: Using my definition of `\numberline' on input line 18.
Package tocbasic Info: Using my definition of `\numberline' on input line 20.
Package tocbasic Info: Using my definition of `\numberline' on input line 21.
Package tocbasic Info: Using my definition of `\numberline' on input line 22.
Package tocbasic Info: Using my definition of `\numberline' on input line 23.
Package tocbasic Info: Using my definition of `\numberline' on input line 25.

Overfull \hbox (48.41841pt too wide) in paragraph at lines 25--25
 \OT1/cmr/m/n/12 apli-ca-ci^^Son de un cam-po magn^^Seti-co H = 1 kOe pa-ra los com-pues-tos $[][][][][][][][][][][][]$:$[][][]$ 
 []

Package tocbasic Info: Using my definition of `\numberline' on input line 26.

Underfull \vbox (badness 10000) has occurred while \output is active []

LaTeX Info: Redefining \. on input line 27.
LaTeX Info: Redefining \% on input line 27.
 [7]
Package tocbasic Info: Using my definition of `\numberline' on input line 27.
Package tocbasic Info: Using my definition of `\numberline' on input line 28.
Package tocbasic Info: Using my definition of `\numberline' on input line 31.
Package tocbasic Info: Using my definition of `\numberline' on input line 32.
Package tocbasic Info: Using my definition of `\numberline' on input line 33.
Package tocbasic Info: Using my definition of `\numberline' on input line 34.
Package tocbasic Info: Using my definition of `\numberline' on input line 35.
Package tocbasic Info: Using my definition of `\numberline' on input line 36.
Package tocbasic Info: Using my definition of `\numberline' on input line 37.
Package tocbasic Info: Using my definition of `\numberline' on input line 38.
Package tocbasic Info: Using my definition of `\numberline' on input line 39.
Package tocbasic Info: Using my definition of `\numberline' on input line 40.


Package tocbasic Warning: number width of figure toc entries should be increased!
(tocbasic)                Currently used number width = 31.4583pt,
(tocbasic)                Wanted number separation    = 4.69987pt,
(tocbasic)                Reserved number width       = 27.02475pt on input line 40.


Overfull \hbox (4.43355pt too wide) detected at line 40
\OT1/cmr/bx/n/12 A-10\OT1/cmr/m/n/12 . 
 []

Package tocbasic Info: Using my definition of `\numberline' on input line 42.
Package tocbasic Info: Using my definition of `\numberline' on input line 43.
Package tocbasic Info: Using my definition of `\numberline' on input line 44.
Package tocbasic Info: Using my definition of `\numberline' on input line 45.
Package tocbasic Info: Using my definition of `\numberline' on input line 46.
Package tocbasic Info: Using my definition of `\numberline' on input line 47.
Package tocbasic Info: Using my definition of `\numberline' on input line 48.
Package tocbasic Info: Using my definition of `\numberline' on input line 49.

Underfull \vbox (badness 1082) has occurred while \output is active []

LaTeX Info: Redefining \. on input line 50.
LaTeX Info: Redefining \% on input line 50.
 [8]
Package tocbasic Info: Using my definition of `\numberline' on input line 50.
Package tocbasic Info: Using my definition of `\numberline' on input line 51.


Package tocbasic Warning: number width of figure toc entries should be increased!
(tocbasic)                Currently used number width = 30.86108pt,
(tocbasic)                Wanted number separation    = 4.69987pt,
(tocbasic)                Reserved number width       = 27.02475pt on input line 51.


Overfull \hbox (3.83633pt too wide) detected at line 51
\OT1/cmr/bx/n/12 B-10\OT1/cmr/m/n/12 . 
 []

Package tocbasic Info: Using my definition of `\numberline' on input line 53.
Package tocbasic Info: Using my definition of `\numberline' on input line 54.
Package tocbasic Info: Using my definition of `\numberline' on input line 55.
Package tocbasic Info: Using my definition of `\numberline' on input line 56.
Package tocbasic Info: Using my definition of `\numberline' on input line 57.
Package tocbasic Info: Using my definition of `\numberline' on input line 58.
Package tocbasic Info: Using my definition of `\numberline' on input line 59.
Package tocbasic Info: Using my definition of `\numberline' on input line 61.
Package tocbasic Info: Using my definition of `\numberline' on input line 62.
Package tocbasic Info: Using my definition of `\numberline' on input line 63.
Package tocbasic Info: Using my definition of `\numberline' on input line 64.
Package tocbasic Info: Using my definition of `\numberline' on input line 66.

Underfull \vbox (badness 10000) has occurred while \output is active []

LaTeX Info: Redefining \. on input line 67.
LaTeX Info: Redefining \% on input line 67.
 [9]
Package tocbasic Info: Using my definition of `\numberline' on input line 67.
Package tocbasic Info: Using my definition of `\numberline' on input line 68.
Package tocbasic Info: Using my definition of `\numberline' on input line 69.
)
\tf@lof=\write4
\openout4 = `EncabezadoTesisMSc.lof'.

LaTeX Info: Redefining \. on input line 86.
LaTeX Info: Redefining \% on input line 86.
 [10] (EncabezadoTesisMSc.lot
LaTeX Info: Redefining \. on input line 1.
LaTeX Info: Redefining \% on input line 1.
Package tocbasic Info: Using my definition of `\numberline' on input line 5.
Package tocbasic Info: Using my definition of `\numberline' on input line 7.
Package tocbasic Info: Using my definition of `\numberline' on input line 8.
Package tocbasic Info: Using my definition of `\numberline' on input line 9.

Overfull \hbox (29.58536pt too wide) in paragraph at lines 9--9
 [][] [][]\OT1/cmr/m/n/12 Coordenadas crom^^Sati-cas CIE y pu-re-za co-lor pa-ra las mues-tras $[][][][][][][][][][][][]$:$[][][]$ 
 []

Package tocbasic Info: Using my definition of `\numberline' on input line 11.
Package tocbasic Info: Using my definition of `\numberline' on input line 12.
Package tocbasic Info: Using my definition of `\numberline' on input line 14.
)
\tf@lot=\write5
\openout5 = `EncabezadoTesisMSc.lot'.

 [11

] (EncabezadoTesisMSc.toc
Package tocbasic Info: Using my definition of `\numberline' on input line 1.


LaTeX Font Warning: Font shape `OT1/cmss/bx/sc' undefined
(Font)              using `OT1/cmss/bx/n' instead on input line 1.


Package spanish Warning: Replacing `OT1/cmss/bx/sc' by 
(spanish)                faked small caps on input line 1.

Package tocbasic Info: Using my definition of `\numberline' on input line 2.

Package spanish Warning: Replacing `OT1/cmss/bx/sc' by 
(spanish)                faked small caps on input line 2.

LaTeX Info: Redefining \. on input line 3.
LaTeX Info: Redefining \% on input line 3.
Package tocbasic Info: Using my definition of `\numberline' on input line 4.

Package spanish Warning: Replacing `OT1/cmss/bx/sc' by 
(spanish)                faked small caps on input line 4.

Package tocbasic Info: Using my definition of `\numberline' on input line 5.

Package spanish Warning: Replacing `OT1/cmss/bx/sc' by 
(spanish)                faked small caps on input line 5.

Package tocbasic Info: Using my definition of `\numberline' on input line 6.
Package tocbasic Info: Using my definition of `\numberline' on input line 7.
Package tocbasic Info: Using my definition of `\numberline' on input line 8.
Package tocbasic Info: Using my definition of `\numberline' on input line 9.
Package tocbasic Info: Using my definition of `\numberline' on input line 10.
Package tocbasic Info: Using my definition of `\numberline' on input line 11.
Package tocbasic Info: Using my definition of `\numberline' on input line 12.
Package tocbasic Info: Using my definition of `\numberline' on input line 13.
Package tocbasic Info: Using my definition of `\numberline' on input line 14.
Package tocbasic Info: Using my definition of `\numberline' on input line 15.
Package tocbasic Info: Using my definition of `\numberline' on input line 16.
Package tocbasic Info: Using my definition of `\numberline' on input line 17.
Package tocbasic Info: Using my definition of `\numberline' on input line 18.
Package tocbasic Info: Using my definition of `\numberline' on input line 19.
Package tocbasic Info: Using my definition of `\numberline' on input line 20.
[12

]
Package tocbasic Info: Using my definition of `\numberline' on input line 21.
Package tocbasic Info: Using my definition of `\numberline' on input line 22.
Package tocbasic Info: Using my definition of `\numberline' on input line 23.
Package tocbasic Info: Using my definition of `\numberline' on input line 24.
Package tocbasic Info: Using my definition of `\numberline' on input line 25.
Package tocbasic Info: Using my definition of `\numberline' on input line 26.
Package tocbasic Info: Using my definition of `\numberline' on input line 27.
Package tocbasic Info: Using my definition of `\numberline' on input line 28.
Package tocbasic Info: Using my definition of `\numberline' on input line 29.
Package tocbasic Info: Using my definition of `\numberline' on input line 30.
Package tocbasic Info: Using my definition of `\numberline' on input line 31.
Package tocbasic Info: Using my definition of `\numberline' on input line 32.
)
\tf@toc=\write6
\openout6 = `EncabezadoTesisMSc.toc'.

LaTeX Info: Redefining \. on input line 95.
LaTeX Info: Redefining \% on input line 95.
 [1]
\openout2 = `Kap1/Kap1.aux'.

 (Kap1/Kap1.tex
chapter 1.

Class scrbook Warning: \float@addtolists detected!
(scrbook)              Implementation of \float@addtolist became
(scrbook)              deprecated in KOMA-Script v3.01 2008/11/14 and
(scrbook)              has been replaced by several more flexible
(scrbook)              features of package `tocbasic`.
(scrbook)              Since Version 3.12 support for deprecated
(scrbook)              \float@addtolist interface has been
(scrbook)              restricted to only some of the KOMA-Script
(scrbook)              features and been removed from others.
(scrbook)              Loading of package `scrhack' may help to
(scrbook)              avoid this warning, if you are using a
(scrbook)              a package that still implements the
(scrbook)              deprecated \float@addtolist interface.


Underfull \hbox (badness 10000) in paragraph at lines 2--16

 []


Underfull \hbox (badness 10000) in paragraph at lines 17--42

 []

[2


]
Underfull \hbox (badness 10000) in paragraph at lines 43--59

 []


Underfull \hbox (badness 10000) in paragraph at lines 60--69

 []


Underfull \vbox (badness 2409) has occurred while \output is active []

 [3]
Underfull \hbox (badness 10000) in paragraph at lines 70--82

 []


Underfull \hbox (badness 10000) in paragraph at lines 83--97

 []


Underfull \vbox (badness 2409) has occurred while \output is active []

LaTeX Info: Redefining \. on input line 99.
LaTeX Info: Redefining \% on input line 99.
 [4]
Underfull \hbox (badness 10000) in paragraph at lines 99--115

 []


Underfull \hbox (badness 10000) in paragraph at lines 116--128

 []


Underfull \hbox (badness 10000) in paragraph at lines 129--154

 []

[5]
Underfull \hbox (badness 10000) in paragraph at lines 156--164

 []


Underfull \hbox (badness 10000) in paragraph at lines 165--173

 []


Underfull \vbox (badness 2409) has occurred while \output is active []

LaTeX Info: Redefining \. on input line 173.
LaTeX Info: Redefining \% on input line 173.
 [6]
Underfull \hbox (badness 10000) in paragraph at lines 174--186

 []


Underfull \hbox (badness 10000) in paragraph at lines 187--209

 []


Underfull \vbox (badness 2409) has occurred while \output is active []

 [7]
Underfull \hbox (badness 10000) in paragraph at lines 210--226

 []


Underfull \hbox (badness 10000) in paragraph at lines 227--249

 []


Underfull \vbox (badness 2409) has occurred while \output is active []

LaTeX Info: Redefining \. on input line 249.
LaTeX Info: Redefining \% on input line 249.
 [8]
Underfull \hbox (badness 10000) in paragraph at lines 250--280

 []


Underfull \vbox (badness 10000) has occurred while \output is active []

 [9]
Underfull \hbox (badness 10000) in paragraph at lines 281--290

 []


Overfull \hbox (3.85834pt too wide) in paragraph at lines 291--312
[]\OT1/cmr/m/n/12 Shangjun yu y QI Chen en el a~no 2020 nos in-tro-du-ce en la apa-ri-ci^^Son del led blan-co (YAG:$[][][]$)
 []


Underfull \hbox (badness 10000) in paragraph at lines 291--312

 []


Underfull \vbox (badness 2409) has occurred while \output is active []

LaTeX Info: Redefining \. on input line 312.
LaTeX Info: Redefining \% on input line 312.
 [10]
Underfull \hbox (badness 10000) in paragraph at lines 313--336

 []


Underfull \vbox (badness 10000) has occurred while \output is active []

 [11]
Underfull \hbox (badness 10000) in paragraph at lines 337--361

 []


Underfull \vbox (badness 2409) has occurred while \output is active []

LaTeX Info: Redefining \. on input line 381.
LaTeX Info: Redefining \% on input line 381.
 [12]
<Kap1/LuIG.png, id=430, 428.35031pt x 420.06938pt>
File: Kap1/LuIG.png Graphic file (type png)
<use Kap1/LuIG.png>
Package pdftex.def Info: Kap1/LuIG.png  used on input line 385.
(pdftex.def)             Requested size: 214.17462pt x 210.03418pt.
) [13 <./Kap1/LuIG.png>]
\openout2 = `Kap2/Kap2.aux'.

 (Kap2/Kap2.tex
chapter 2.

LaTeX Font Warning: Font shape `OT1/cmss/bx/it' undefined
(Font)              using `OT1/cmss/bx/n' instead on input line 3.


Package hyperref Warning: Token not allowed in a PDF string (Unicode):
(hyperref)                removing `\mhchem@cee' on input line 3.


Package hyperref Warning: Token not allowed in a PDF string (Unicode):
(hyperref)                removing `subscript' on input line 3.


Package hyperref Warning: Token not allowed in a PDF string (Unicode):
(hyperref)                removing `subscript' on input line 3.

[14




])
LaTeX Info: Redefining \. on input line 96.
LaTeX Info: Redefining \% on input line 96.
 [15]
LaTeX Info: Redefining \. on input line 96.
LaTeX Info: Redefining \% on input line 96.
 [16]
\openout2 = `Kap3/Kap3.aux'.

 (Kap3/Kap3.tex
chapter 3.

LaTeX Warning: Command \textregistered invalid in math mode on input line 5.


LaTeX Warning: Command \textregistered invalid in math mode on input line 5.

Missing character: There is no ® in font cmr8!

Underfull \hbox (badness 10000) in paragraph at lines 4--21

 []

[17




]
<Kap3/PatronesDRX.png, id=460, 913.16156pt x 502.12593pt>
File: Kap3/PatronesDRX.png Graphic file (type png)
<use Kap3/PatronesDRX.png>
Package pdftex.def Info: Kap3/PatronesDRX.png  used on input line 37.
(pdftex.def)             Requested size: 469.47046pt x 258.14952pt.
<Kap3/DRXampliado.png, id=462, 3225.1692pt x 1867.9386pt>
File: Kap3/DRXampliado.png Graphic file (type png)
<use Kap3/DRXampliado.png>
Package pdftex.def Info: Kap3/DRXampliado.png  used on input line 58.
(pdftex.def)             Requested size: 469.47046pt x 271.8845pt.


LaTeX Warning: `h' float specifier changed to `ht'.


Underfull \hbox (badness 10000) in paragraph at lines 67--81

 []


Underfull \vbox (badness 10000) has occurred while \output is active []

LaTeX Info: Redefining \. on input line 81.
LaTeX Info: Redefining \% on input line 81.
 [18 <./Kap3/PatronesDRX.png>]
Underfull \vbox (badness 7832) has occurred while \output is active []

LaTeX Info: Redefining \. on input line 81.
LaTeX Info: Redefining \% on input line 81.
 [19 <./Kap3/DRXampliado.png>]
<Kap3/Refinamiento.png, id=477, 904.1278pt x 408.77719pt>
File: Kap3/Refinamiento.png Graphic file (type png)
<use Kap3/Refinamiento.png>
Package pdftex.def Info: Kap3/Refinamiento.png  used on input line 85.
(pdftex.def)             Requested size: 469.47046pt x 212.25348pt.

Overfull \hbox (10.1295pt too wide) in paragraph at lines 90--102
\OT1/cmr/m/n/12 la Ta-bla []\OT1/cmr/bx/n/12 3-1[]\OT1/cmr/m/n/12 . Da-tos es-truc-tu-ra-les y fac-to-res re-si-dua-les de las mues-tras de $[][][][][][][][][][][][]$:$[][][]$,
 []


Underfull \hbox (badness 10000) in paragraph at lines 90--102

 []


LaTeX Warning: No positions in optional float specifier.
               Default added (so using `tbp') on input line 105.


Underfull \hbox (badness 10000) in paragraph at lines 129--145

 []

LaTeX Info: Redefining \. on input line 145.
LaTeX Info: Redefining \% on input line 145.
[20 <./Kap3/Refinamiento.png>]
LaTeX Info: Redefining \. on input line 145.
LaTeX Info: Redefining \% on input line 145.
 [21]
<Kap3/ParametroRed.png, id=491, 1087.81406pt x 412.54124pt>
File: Kap3/ParametroRed.png Graphic file (type png)
<use Kap3/ParametroRed.png>
Package pdftex.def Info: Kap3/ParametroRed.png  used on input line 149.
(pdftex.def)             Requested size: 469.47046pt x 178.04395pt.

Underfull \hbox (badness 10000) in paragraph at lines 159--165

 []

LaTeX Info: Redefining \. on input line 165.
LaTeX Info: Redefining \% on input line 165.
[22 <./Kap3/ParametroRed.png>]
<Kap3/NIR.png, id=499, 743.02594pt x 446.41782pt>
File: Kap3/NIR.png Graphic file (type png)
<use Kap3/NIR.png>
Package pdftex.def Info: Kap3/NIR.png  used on input line 169.
(pdftex.def)             Requested size: 469.47046pt x 282.06892pt.

Underfull \hbox (badness 10000) in paragraph at lines 171--171
[][][]\OT1/cmr/m/n/12 Espectros de ab-sor-ci^^Son en la re-gi^^Son NIR pa-ra las mues-tras
 []

)
LaTeX Info: Redefining \. on input line 97.
LaTeX Info: Redefining \% on input line 97.
 [23 <./Kap3/NIR.png>]
LaTeX Info: Redefining \. on input line 97.
LaTeX Info: Redefining \% on input line 97.
 [24]
\openout2 = `Kap4/Kap4.aux'.

 (Kap4/Kap4.tex
chapter 4.

Underfull \hbox (badness 10000) in paragraph at lines 4--13

 []

<Kap4/ReflectanciaDifusa.png, id=517, 1138.9752pt x 592.8549pt>
File: Kap4/ReflectanciaDifusa.png Graphic file (type png)
<use Kap4/ReflectanciaDifusa.png>
Package pdftex.def Info: Kap4/ReflectanciaDifusa.png  used on input line 17.
(pdftex.def)             Requested size: 469.47046pt x 244.36569pt.

LaTeX Warning: `h' float specifier changed to `ht'.


Underfull \hbox (badness 10000) in paragraph at lines 22--26

 []

[25




]
Underfull \hbox (badness 10000) in paragraph at lines 46--63

 []

<Kap4/Tauc2.png, id=538, 2264.46pt x 5673.195pt>
File: Kap4/Tauc2.png Graphic file (type png)
<use Kap4/Tauc2.png>
Package pdftex.def Info: Kap4/Tauc2.png  used on input line 67.
(pdftex.def)             Requested size: 211.26027pt x 529.26376pt.

Underfull \vbox (badness 2735) has occurred while \output is active []

LaTeX Info: Redefining \. on input line 72.
LaTeX Info: Redefining \% on input line 72.
 [26 <./Kap4/ReflectanciaDifusa.png>]
Overfull \vbox (0.48225pt too high) has occurred while \output is active []

LaTeX Info: Redefining \. on input line 72.
LaTeX Info: Redefining \% on input line 72.
 [27 <./Kap4/Tauc2.png>]
Underfull \hbox (badness 10000) in paragraph at lines 75--95

 []

<Kap4/Absorcion.png, id=554, 1062.369pt x 570.2103pt>
File: Kap4/Absorcion.png Graphic file (type png)
<use Kap4/Absorcion.png>
Package pdftex.def Info: Kap4/Absorcion.png  used on input line 99.
(pdftex.def)             Requested size: 469.47046pt x 251.9809pt.

Underfull \hbox (badness 3713) in paragraph at lines 102--102
[][][]\OT1/cmr/m/n/12 Espectros de ab-sor-ci^^Son en la re-gi^^Son UV-Vis pa-ra las mues-tras de
 []


Underfull \hbox (badness 10000) in paragraph at lines 105--133

 []

LaTeX Info: Redefining \. on input line 133.
LaTeX Info: Redefining \% on input line 133.
[28 <./Kap4/Absorcion.png>]

LaTeX Warning: `h' float specifier changed to `ht'.


Underfull \hbox (badness 10000) in paragraph at lines 247--251

 []


Underfull \hbox (badness 10000) in paragraph at lines 254--273

 []

LaTeX Info: Redefining \. on input line 273.
LaTeX Info: Redefining \% on input line 273.
[29]
<Kap4/Fotoluminisencia.png, id=580, 4080.3642pt x 1670.4006pt>
File: Kap4/Fotoluminisencia.png Graphic file (type png)
<use Kap4/Fotoluminisencia.png>
Package pdftex.def Info: Kap4/Fotoluminisencia.png  used on input line 277.
(pdftex.def)             Requested size: 469.47046pt x 192.18123pt.


LaTeX Warning: `h' float specifier changed to `ht'.


Underfull \hbox (badness 10000) in paragraph at lines 287--315

 []

LaTeX Info: Redefining \. on input line 315.
LaTeX Info: Redefining \% on input line 315.
[30]

LaTeX Warning: No positions in optional float specifier.
               Default added (so using `tbp') on input line 316.


Underfull \hbox (badness 10000) in paragraph at lines 355--359

 []

LaTeX Info: Redefining \. on input line 359.
LaTeX Info: Redefining \% on input line 359.
[31 <./Kap4/Fotoluminisencia.png>]
Underfull \hbox (badness 10000) in paragraph at lines 365--380

 []


Underfull \hbox (badness 10000) in paragraph at lines 381--393

 []

LaTeX Info: Redefining \. on input line 393.
LaTeX Info: Redefining \% on input line 393.
[32]
Underfull \hbox (badness 10000) in paragraph at lines 399--408

 []


Underfull \hbox (badness 10000) in paragraph at lines 409--412

 []


Underfull \hbox (badness 10000) in paragraph at lines 419--423

 []


Underfull \hbox (badness 10000) in paragraph at lines 424--429

 []


LaTeX Warning: No positions in optional float specifier.
               Default added (so using `tbp') on input line 430.


Underfull \hbox (badness 10000) in paragraph at lines 432--432
[][][]\OT1/cmr/m/n/12 Coordenadas crom^^Sati-cas CIE y pu-re-za co-lor pa-ra las mues-tras
 []


Underfull \hbox (badness 10000) in paragraph at lines 451--456

 []

<Kap4/Cromaticidad.png, id=627, 686.565pt x 545.1567pt>
File: Kap4/Cromaticidad.png Graphic file (type png)
<use Kap4/Cromaticidad.png>
Package pdftex.def Info: Kap4/Cromaticidad.png  used on input line 460.
(pdftex.def)             Requested size: 469.47046pt x 372.77292pt.
LaTeX Info: Redefining \. on input line 464.
LaTeX Info: Redefining \% on input line 464.
[33]
Underfull \hbox (badness 10000) in paragraph at lines 466--475

 []

<Kap4/NivelesEnergia.png, id=639, 2820.4572pt x 1744.5978pt>
File: Kap4/NivelesEnergia.png Graphic file (type png)
<use Kap4/NivelesEnergia.png>
Package pdftex.def Info: Kap4/NivelesEnergia.png  used on input line 479.
(pdftex.def)             Requested size: 469.47046pt x 290.37515pt.

LaTeX Warning: `h' float specifier changed to `ht'.


Underfull \hbox (badness 10000) in paragraph at lines 485--503

 []


Underfull \vbox (badness 7777) has occurred while \output is active []

LaTeX Info: Redefining \. on input line 503.
LaTeX Info: Redefining \% on input line 503.
 [34]
<Kap4/fotoTemperatura.png, id=647, 4197.9234pt x 1779.7692pt>
File: Kap4/fotoTemperatura.png Graphic file (type png)
<use Kap4/fotoTemperatura.png>
Package pdftex.def Info: Kap4/fotoTemperatura.png  used on input line 507.
(pdftex.def)             Requested size: 469.47046pt x 199.03406pt.

Underfull \vbox (badness 10000) has occurred while \output is active []

LaTeX Info: Redefining \. on input line 514.
LaTeX Info: Redefining \% on input line 514.
 [35 <./Kap4/Cromaticidad.png>]

LaTeX Warning: `h' float specifier changed to `ht'.


Underfull \hbox (badness 10000) in paragraph at lines 516--518

 []


LaTeX Warning: Command \texttimes invalid in math mode on input line 527.


LaTeX Warning: Command \texttimes invalid in math mode on input line 527.

Missing character: There is no Ö in font cmr12!
)
Underfull \hbox (badness 10000) in paragraph at lines 524--98

 []

LaTeX Info: Redefining \. on input line 98.
LaTeX Info: Redefining \% on input line 98.
[36 <./Kap4/NivelesEnergia.png>]
LaTeX Info: Redefining \. on input line 98.
LaTeX Info: Redefining \% on input line 98.
 [37 <./Kap4/fotoTemperatura.png>]
\openout2 = `Kap5/Kap5.aux'.

 (Kap5/Kap5.tex
chapter 5.

Underfull \hbox (badness 10000) in paragraph at lines 3--8

 []

<Kap5/sec20k.png, id=671, 447.1104pt x 445.665pt>
File: Kap5/sec20k.png Graphic file (type png)
<use Kap5/sec20k.png>
Package pdftex.def Info: Kap5/sec20k.png  used on input line 12.
(pdftex.def)             Requested size: 341.43306pt x 340.34099pt.

LaTeX Warning: `h' float specifier changed to `ht'.


Underfull \hbox (badness 10000) in paragraph at lines 18--23

 []

File: Kap5/sec20k.png Graphic file (type png)
<use Kap5/sec20k.png>
Package pdftex.def Info: Kap5/sec20k.png  used on input line 27.
(pdftex.def)             Requested size: 341.43306pt x 340.34099pt.

LaTeX Warning: `h' float specifier changed to `ht'.


Underfull \hbox (badness 10000) in paragraph at lines 33--41

 []


Underfull \hbox (badness 10000) in paragraph at lines 42--55

 []

[38




] [39 <./Kap5/sec20k.png>]
<Kap5/ret10k.png, id=690, 447.5922pt x 445.1832pt>
File: Kap5/ret10k.png Graphic file (type png)
<use Kap5/ret10k.png>
Package pdftex.def Info: Kap5/ret10k.png  used on input line 59.
(pdftex.def)             Requested size: 341.43306pt x 339.61302pt.


LaTeX Warning: `h' float specifier changed to `ht'.


Underfull \hbox (badness 10000) in paragraph at lines 65--73

 []

LaTeX Info: Redefining \. on input line 73.
LaTeX Info: Redefining \% on input line 73.
[40]
<Kap5/TamPar.png, id=697, 733.23938pt x 610.53094pt>
File: Kap5/TamPar.png Graphic file (type png)
<use Kap5/TamPar.png>
Package pdftex.def Info: Kap5/TamPar.png  used on input line 78.
(pdftex.def)             Requested size: 341.43306pt x 284.29454pt.


LaTeX Warning: `h' float specifier changed to `ht'.


Underfull \hbox (badness 10000) in paragraph at lines 99--105

 []

[41 <./Kap5/ret10k.png>]

LaTeX Warning: `h' float specifier changed to `ht'.

)
LaTeX Info: Redefining \. on input line 99.
LaTeX Info: Redefining \% on input line 99.
 [42 <./Kap5/TamPar.png>] [43]
\openout2 = `Kap6/Kap6.aux'.

 (Kap6/Kap6.tex
chapter 6.

Underfull \hbox (badness 10000) in paragraph at lines 3--8

 []


Underfull \hbox (badness 10000) in paragraph at lines 9--17

 []


Underfull \hbox (badness 10000) in paragraph at lines 18--32

 []

[44




]
Underfull \hbox (badness 10000) in paragraph at lines 33--36

 []


Underfull \hbox (badness 10000) in paragraph at lines 42--51

 []

<Kap6/FIG1.jpg, id=728, 767.5074pt x 576.17258pt>
File: Kap6/FIG1.jpg Graphic file (type jpg)
<use Kap6/FIG1.jpg>
Package pdftex.def Info: Kap6/FIG1.jpg  used on input line 116.
(pdftex.def)             Requested size: 398.33858pt x 299.0312pt.

Underfull \vbox (badness 3049) has occurred while \output is active []

 [45]
Underfull \hbox (badness 10000) in paragraph at lines 125--135

 []

LaTeX Info: Redefining \. on input line 139.
LaTeX Info: Redefining \% on input line 139.
[46 <./Kap6/FIG1.jpg>]
Underfull \hbox (badness 10000) in paragraph at lines 145--158

 []


Underfull \hbox (badness 10000) in paragraph at lines 159--172

 []

<Kap6/FIG2.jpg, id=750, 625.49686pt x 633.0852pt>
File: Kap6/FIG2.jpg Graphic file (type jpg)
<use Kap6/FIG2.jpg>
Package pdftex.def Info: Kap6/FIG2.jpg  used on input line 176.
(pdftex.def)             Requested size: 469.47046pt x 475.17982pt.

Underfull \vbox (badness 10000) has occurred while \output is active []

 [47]
Underfull \hbox (badness 10000) in paragraph at lines 184--196

 []


Underfull \vbox (badness 10000) has occurred while \output is active []

LaTeX Info: Redefining \. on input line 196.
LaTeX Info: Redefining \% on input line 196.
 [48 <./Kap6/FIG2.jpg>]
Underfull \hbox (badness 10000) in paragraph at lines 197--210

 []


Underfull \hbox (badness 10000) in paragraph at lines 211--232

 []


Underfull \vbox (badness 2409) has occurred while \output is active []

 [49]
<Kap6/MH.png, id=780, 972.63374pt x 906.38625pt>
File: Kap6/MH.png Graphic file (type png)
<use Kap6/MH.png>
Package pdftex.def Info: Kap6/MH.png  used on input line 236.
(pdftex.def)             Requested size: 469.47046pt x 437.4946pt.


LaTeX Warning: `h' float specifier changed to `ht'.


Underfull \hbox (badness 10000) in paragraph at lines 242--254

 []

<Kap6/FIG4.jpg, id=783, 717.82178pt x 513.29767pt>
File: Kap6/FIG4.jpg Graphic file (type jpg)
<use Kap6/FIG4.jpg>
Package pdftex.def Info: Kap6/FIG4.jpg  used on input line 258.
(pdftex.def)             Requested size: 312.9803pt x 223.7996pt.
)
LaTeX Info: Redefining \. on input line 100.
LaTeX Info: Redefining \% on input line 100.
 [50] [51 <./Kap6/MH.png>]
LaTeX Info: Redefining \. on input line 100.
LaTeX Info: Redefining \% on input line 100.
 [52 <./Kap6/FIG4.jpg>]
\openout2 = `Conc/Conc.aux'.

 (Conc/Conc.tex
chapter 7.

Underfull \hbox (badness 10000) in paragraph at lines 4--22

 []


Underfull \hbox (badness 10000) in paragraph at lines 23--31

 []

[53




])
LaTeX Info: Redefining \. on input line 101.
LaTeX Info: Redefining \% on input line 101.
 [54]
\openout2 = `Anexos/Anexos.aux'.

 (Anexos/Anexos.tex

Class scrbook Warning: You are using `\begin{appendix}...\end{appendix}'.
(scrbook)              You should note, that `\appendix' is a mostly globally
(scrbook)              working command not an enviroment with only local
(scrbook)              effects. Therefore `\end{appendix}' will neither
(scrbook)              switch back to normal section numbering nor finish
(scrbook)              every other effect of `\begin{appendix}'.
(scrbook)              Nevertheless, some effects may end with
(scrbook)              `\end{appendix}' and the document may become
(scrbook)              inconsistent.
(scrbook)              Because of this, you should remove `\end{appendix}'
(scrbook)              and replace `\begin{appendix}' by command
(scrbook)              `\appendix' on input line 1.

chapter A.
<Anexos/x=0.png, id=808, 712.16063pt x 369.63094pt>
File: Anexos/x=0.png Graphic file (type png)
<use Anexos/x=0.png>
Package pdftex.def Info: Anexos/x=0.png  used on input line 6.
(pdftex.def)             Requested size: 469.47046pt x 243.66388pt.
<Anexos/x=05.png, id=809, 713.66624pt x 365.86688pt>
File: Anexos/x=05.png Graphic file (type png)
<use Anexos/x=05.png>
Package pdftex.def Info: Anexos/x=05.png  used on input line 13.
(pdftex.def)             Requested size: 469.47046pt x 240.68015pt.

LaTeX Warning: `h' float specifier changed to `ht'.

<Anexos/x=10.png, id=810, 711.4078pt x 367.3725pt>
File: Anexos/x=10.png Graphic file (type png)
<use Anexos/x=10.png>
Package pdftex.def Info: Anexos/x=10.png  used on input line 20.
(pdftex.def)             Requested size: 469.47046pt x 242.44415pt.

LaTeX Warning: `h' float specifier changed to `ht'.

<Anexos/x=15.png, id=811, 715.17188pt x 363.60844pt>
File: Anexos/x=15.png Graphic file (type png)
<use Anexos/x=15.png>
Package pdftex.def Info: Anexos/x=15.png  used on input line 28.
(pdftex.def)             Requested size: 469.47046pt x 238.68958pt.

LaTeX Warning: `h' float specifier changed to `ht'.

<Anexos/x=20.png, id=812, 716.6775pt x 368.1253pt>
File: Anexos/x=20.png Graphic file (type png)
<use Anexos/x=20.png>
Package pdftex.def Info: Anexos/x=20.png  used on input line 35.
(pdftex.def)             Requested size: 469.47046pt x 241.14911pt.

LaTeX Warning: `h' float specifier changed to `ht'.

<Anexos/x=25.png, id=813, 715.92468pt x 368.87813pt>
File: Anexos/x=25.png Graphic file (type png)
<use Anexos/x=25.png>
Package pdftex.def Info: Anexos/x=25.png  used on input line 42.
(pdftex.def)             Requested size: 469.47046pt x 241.89555pt.

LaTeX Warning: `h' float specifier changed to `ht'.

<Anexos/x=30.png, id=814, 716.6775pt x 369.63094pt>
File: Anexos/x=30.png Graphic file (type png)
<use Anexos/x=30.png>
Package pdftex.def Info: Anexos/x=30.png  used on input line 49.
(pdftex.def)             Requested size: 469.47046pt x 242.1354pt.

LaTeX Warning: `h' float specifier changed to `ht'.

<Anexos/x=35.png, id=815, 721.19438pt x 360.59718pt>
File: Anexos/x=35.png Graphic file (type png)
<use Anexos/x=35.png>
Package pdftex.def Info: Anexos/x=35.png  used on input line 56.
(pdftex.def)             Requested size: 469.47046pt x 234.73203pt.

LaTeX Warning: `h' float specifier changed to `ht'.

<Anexos/x=40.png, id=816, 721.19438pt x 357.58594pt>
File: Anexos/x=40.png Graphic file (type png)
<use Anexos/x=40.png>
Package pdftex.def Info: Anexos/x=40.png  used on input line 63.
(pdftex.def)             Requested size: 469.47046pt x 232.77184pt.

LaTeX Warning: `h' float specifier changed to `ht'.

<Anexos/x=45.png, id=817, 718.18312pt x 368.1253pt>
File: Anexos/x=45.png Graphic file (type png)
<use Anexos/x=45.png>
Package pdftex.def Info: Anexos/x=45.png  used on input line 70.
(pdftex.def)             Requested size: 469.47046pt x 240.64357pt.
[55




 <./Anexos/x=0.png>]
LaTeX Info: Redefining \. on input line 75.
LaTeX Info: Redefining \% on input line 75.
 [56 <./Anexos/x=05.png> <./Anexos/x=10.png>] [57 <./Anexos/x=15.png> <./Anexos/x=20.png>]
LaTeX Info: Redefining \. on input line 75.
LaTeX Info: Redefining \% on input line 75.
 [58 <./Anexos/x=25.png> <./Anexos/x=30.png>] [59 <./Anexos/x=35.png> <./Anexos/x=40.png>]
LaTeX Info: Redefining \. on input line 75.
LaTeX Info: Redefining \% on input line 75.
 [60 <./Anexos/x=45.png>]
chapter B.
<Anexos/x00.png, id=843, 774.7344pt x 592.8549pt>
File: Anexos/x00.png Graphic file (type png)
<use Anexos/x00.png>
Package pdftex.def Info: Anexos/x00.png  used on input line 79.
(pdftex.def)             Requested size: 341.43306pt x 261.27309pt.
<Anexos/x05.png, id=844, 774.7344pt x 592.8549pt>
File: Anexos/x05.png Graphic file (type png)
<use Anexos/x05.png>
Package pdftex.def Info: Anexos/x05.png  used on input line 86.
(pdftex.def)             Requested size: 312.9803pt x 239.50787pt.

LaTeX Warning: `h' float specifier changed to `ht'.

<Anexos/x10.png, id=845, 774.7344pt x 592.8549pt>
File: Anexos/x10.png Graphic file (type png)
<use Anexos/x10.png>
Package pdftex.def Info: Anexos/x10.png  used on input line 93.
(pdftex.def)             Requested size: 312.9803pt x 239.50787pt.

LaTeX Warning: `h' float specifier changed to `ht'.

<Anexos/x15.png, id=846, 774.7344pt x 592.8549pt>
File: Anexos/x15.png Graphic file (type png)
<use Anexos/x15.png>
Package pdftex.def Info: Anexos/x15.png  used on input line 100.
(pdftex.def)             Requested size: 312.9803pt x 239.50787pt.

LaTeX Warning: `h' float specifier changed to `ht'.

<Anexos/x20.png, id=847, 774.7344pt x 592.8549pt>
File: Anexos/x20.png Graphic file (type png)
<use Anexos/x20.png>
Package pdftex.def Info: Anexos/x20.png  used on input line 107.
(pdftex.def)             Requested size: 312.9803pt x 239.50787pt.

LaTeX Warning: `h' float specifier changed to `ht'.

<Anexos/x25.png, id=848, 774.7344pt x 592.8549pt>
File: Anexos/x25.png Graphic file (type png)
<use Anexos/x25.png>
Package pdftex.def Info: Anexos/x25.png  used on input line 114.
(pdftex.def)             Requested size: 312.9803pt x 239.50787pt.

LaTeX Warning: `h' float specifier changed to `ht'.

<Anexos/x30.png, id=849, 774.7344pt x 592.8549pt>
File: Anexos/x30.png Graphic file (type png)
<use Anexos/x30.png>
Package pdftex.def Info: Anexos/x30.png  used on input line 121.
(pdftex.def)             Requested size: 312.9803pt x 239.50787pt.

LaTeX Warning: `h' float specifier changed to `ht'.

<Anexos/x35.png, id=850, 774.7344pt x 592.8549pt>
File: Anexos/x35.png Graphic file (type png)
<use Anexos/x35.png>
Package pdftex.def Info: Anexos/x35.png  used on input line 128.
(pdftex.def)             Requested size: 312.9803pt x 239.50787pt.

LaTeX Warning: `h' float specifier changed to `ht'.

<Anexos/x40.png, id=851, 774.7344pt x 592.8549pt>
File: Anexos/x40.png Graphic file (type png)
<use Anexos/x40.png>
Package pdftex.def Info: Anexos/x40.png  used on input line 135.
(pdftex.def)             Requested size: 312.9803pt x 239.50787pt.

LaTeX Warning: `h' float specifier changed to `ht'.

<Anexos/x45.png, id=852, 774.7344pt x 592.8549pt>
File: Anexos/x45.png Graphic file (type png)
<use Anexos/x45.png>
Package pdftex.def Info: Anexos/x45.png  used on input line 142.
(pdftex.def)             Requested size: 312.9803pt x 239.50787pt.
[61

 <./Anexos/x00.png>]
LaTeX Info: Redefining \. on input line 147.
LaTeX Info: Redefining \% on input line 147.
 [62 <./Anexos/x05.png> <./Anexos/x10.png>] [63 <./Anexos/x15.png> <./Anexos/x20.png>]
LaTeX Info: Redefining \. on input line 147.
LaTeX Info: Redefining \% on input line 147.
 [64 <./Anexos/x25.png> <./Anexos/x30.png>] [65 <./Anexos/x35.png> <./Anexos/x40.png>]
LaTeX Info: Redefining \. on input line 147.
LaTeX Info: Redefining \% on input line 147.
 [66 <./Anexos/x45.png>]
chapter C.
<Kap5/sec2k.png, id=888, 445.665pt x 444.7014pt>
File: Kap5/sec2k.png Graphic file (type png)
<use Kap5/sec2k.png>
Package pdftex.def Info: Kap5/sec2k.png  used on input line 152.
(pdftex.def)             Requested size: 341.43306pt x 340.6976pt.
<Kap5/sec5k.png, id=889, 447.1104pt x 444.2196pt>
File: Kap5/sec5k.png Graphic file (type png)
<use Kap5/sec5k.png>
Package pdftex.def Info: Kap5/sec5k.png  used on input line 161.
(pdftex.def)             Requested size: 469.47046pt x 466.45113pt.

LaTeX Warning: `h' float specifier changed to `ht'.

<Kap5/sec10k.png, id=890, 446.6286pt x 445.1832pt>
File: Kap5/sec10k.png Graphic file (type png)
<use Kap5/sec10k.png>
Package pdftex.def Info: Kap5/sec10k.png  used on input line 170.
(pdftex.def)             Requested size: 469.47046pt x 467.95204pt.

LaTeX Warning: `h' float specifier changed to `ht'.

<Kap5/ret2k.png, id=891, 446.1468pt x 445.665pt>
File: Kap5/ret2k.png Graphic file (type png)
<use Kap5/ret2k.png>
Package pdftex.def Info: Kap5/ret2k.png  used on input line 179.
(pdftex.def)             Requested size: 469.47046pt x 468.9821pt.

LaTeX Warning: `h' float specifier changed to `ht'.

<Kap5/ret5k.png, id=892, 445.665pt x 445.665pt>
File: Kap5/ret5k.png Graphic file (type png)
<use Kap5/ret5k.png>
Package pdftex.def Info: Kap5/ret5k.png  used on input line 188.
(pdftex.def)             Requested size: 469.47046pt x 469.47173pt.

LaTeX Warning: `h' float specifier changed to `ht'.

<Kap5/ret20k.png, id=893, 447.1104pt x 443.7378pt>
File: Kap5/ret20k.png Graphic file (type png)
<use Kap5/ret20k.png>
Package pdftex.def Info: Kap5/ret20k.png  used on input line 197.
(pdftex.def)             Requested size: 469.47046pt x 465.9452pt.

LaTeX Warning: `h' float specifier changed to `ht'.

<Kap5/ret90k.png, id=894, 447.5922pt x 444.7014pt>
File: Kap5/ret90k.png Graphic file (type png)
<use Kap5/ret90k.png>
Package pdftex.def Info: Kap5/ret90k.png  used on input line 206.
(pdftex.def)             Requested size: 469.47046pt x 466.46169pt.

LaTeX Warning: `h' float specifier changed to `ht'.

[67

 <./Kap5/sec2k.png>]
LaTeX Info: Redefining \. on input line 212.
LaTeX Info: Redefining \% on input line 212.
 [68 <./Kap5/sec5k.png>] [69 <./Kap5/sec10k.png>]
LaTeX Info: Redefining \. on input line 212.
LaTeX Info: Redefining \% on input line 212.
 [70 <./Kap5/ret2k.png>] [71 <./Kap5/ret5k.png>]
LaTeX Info: Redefining \. on input line 212.
LaTeX Info: Redefining \% on input line 212.
 [72 <./Kap5/ret20k.png>] [73 <./Kap5/ret90k.png>]
chapter D.
<Kap5/TamG0.png, id=932, 694.9965pt x 562.9833pt>
File: Kap5/TamG0.png Graphic file (type png)
<use Kap5/TamG0.png>
Package pdftex.def Info: Kap5/TamG0.png  used on input line 217.
(pdftex.def)             Requested size: 369.88582pt x 299.63393pt.
<Kap5/TamG1.png, id=933, 694.9965pt x 551.9019pt>
File: Kap5/TamG1.png Graphic file (type png)
<use Kap5/TamG1.png>
Package pdftex.def Info: Kap5/TamG1.png  used on input line 224.
(pdftex.def)             Requested size: 469.47046pt x 372.82088pt.

LaTeX Warning: `h' float specifier changed to `ht'.

<Kap5/TamG5.png, id=934, 700.0554pt x 562.9833pt>
File: Kap5/TamG5.png Graphic file (type png)
<use Kap5/TamG5.png>
Package pdftex.def Info: Kap5/TamG5.png  used on input line 231.
(pdftex.def)             Requested size: 469.47046pt x 377.55765pt.

LaTeX Warning: `h' float specifier changed to `ht'.

<Kap5/TamG9.png, id=935, 680.0607pt x 551.9019pt>
File: Kap5/TamG9.png Graphic file (type png)
<use Kap5/TamG9.png>
Package pdftex.def Info: Kap5/TamG9.png  used on input line 238.
(pdftex.def)             Requested size: 469.47046pt x 381.00641pt.

LaTeX Warning: `h' float specifier changed to `ht'.

[74

 <./Kap5/TamG0.png>] [75 <./Kap5/TamG1.png>]
LaTeX Info: Redefining \. on input line 242.
LaTeX Info: Redefining \% on input line 242.
 [76 <./Kap5/TamG5.png>] [77 <./Kap5/TamG9.png>]
chapter E.
<Anexos/EDXG0.png, id=956, 628.5081pt x 513.8397pt>
File: Anexos/EDXG0.png Graphic file (type png)
<use Anexos/EDXG0.png>
Package pdftex.def Info: Anexos/EDXG0.png  used on input line 247.
(pdftex.def)             Requested size: 469.47046pt x 383.81856pt.
<Anexos/EDXG1.png, id=957, 623.6901pt x 502.7583pt>
File: Anexos/EDXG1.png Graphic file (type png)
<use Anexos/EDXG1.png>
Package pdftex.def Info: Anexos/EDXG1.png  used on input line 254.
(pdftex.def)             Requested size: 469.47046pt x 378.44098pt.

LaTeX Warning: `h' float specifier changed to `ht'.

<Anexos/EDXG5.png, id=958, 628.749pt x 502.7583pt>
File: Anexos/EDXG5.png Graphic file (type png)
<use Anexos/EDXG5.png>
Package pdftex.def Info: Anexos/EDXG5.png  used on input line 261.
(pdftex.def)             Requested size: 469.47046pt x 375.41075pt.

LaTeX Warning: `h' float specifier changed to `ht'.

<Anexos/EDXG9.png, id=959, 626.5809pt x 513.8397pt>
File: Anexos/EDXG9.png Graphic file (type png)
<use Anexos/EDXG9.png>
Package pdftex.def Info: Anexos/EDXG9.png  used on input line 268.
(pdftex.def)             Requested size: 469.47046pt x 385.00249pt.

LaTeX Warning: `h' float specifier changed to `ht'.

) [78

 <./Anexos/EDXG0.png>] [79 <./Anexos/EDXG1.png>]
LaTeX Info: Redefining \. on input line 102.
LaTeX Info: Redefining \% on input line 102.
 [80 <./Anexos/EDXG5.png>] [81 <./Anexos/EDXG9.png>] (EncabezadoTesisMSc.bbl [82



]
LaTeX Info: Redefining \. on input line 84.
LaTeX Info: Redefining \% on input line 84.
 [83]
LaTeX Info: Redefining \. on input line 134.
LaTeX Info: Redefining \% on input line 134.
 [84]
LaTeX Info: Redefining \. on input line 175.
LaTeX Info: Redefining \% on input line 175.
 [85]
LaTeX Info: Redefining \. on input line 216.
LaTeX Info: Redefining \% on input line 216.
 [86]
LaTeX Info: Redefining \. on input line 260.
LaTeX Info: Redefining \% on input line 260.
 [87]
LaTeX Info: Redefining \. on input line 306.
LaTeX Info: Redefining \% on input line 306.
 [88]
LaTeX Info: Redefining \. on input line 351.
LaTeX Info: Redefining \% on input line 351.
 [89]
Underfull \hbox (badness 1881) in paragraph at lines 358--362
[]\OT1/cmr/m/n/12 K. Ka-ma-da, T. En-do, K. Tsu-tu-mi, T. Ya-na-gi-da, Y. Fu-ji-mo-to, A. Fu-ka-bo-ri,
 []


Underfull \hbox (badness 3525) in paragraph at lines 387--391
[]\OT1/cmr/m/n/12 K. Li, H. Lian, and R. Van Deun, ``A no-vel deep red-emitting phosphor
 []

LaTeX Info: Redefining \. on input line 391.
LaTeX Info: Redefining \% on input line 391.
[90]
LaTeX Info: Redefining \. on input line 440.
LaTeX Info: Redefining \% on input line 440.
 [91]
Underfull \hbox (badness 1360) in paragraph at lines 466--470
\OT1/cmr/m/n/12 op-ti-mi-za-tion and mag-ne-tic beha-vior of ce-rium subs-ti-tu-ted yt-trium iron gar-net
 []

LaTeX Info: Redefining \. on input line 487.
LaTeX Info: Redefining \% on input line 487.
[92])
LaTeX Info: Redefining \. on input line 109.
LaTeX Info: Redefining \% on input line 109.
 [93] (EncabezadoTesisMSc.aux (HojaTitulo/HojaTituloMSc.aux)
LaTeX Info: Redefining \. on input line 25.
LaTeX Info: Redefining \% on input line 25.
 (Kap1/Kap1.aux) (Kap2/Kap2.aux) (Kap3/Kap3.aux) (Kap4/Kap4.aux) (Kap5/Kap5.aux) (Kap6/Kap6.aux) (Conc/Conc.aux) (Anexos/Anexos.aux))

LaTeX Font Warning: Some font shapes were not available, defaults substituted.

Package rerunfilecheck Info: File `EncabezadoTesisMSc.out' has not changed.
(rerunfilecheck)             Checksum: D41D8CD98F00B204E9800998ECF8427E;0.
 ) 
Here is how much of TeX's memory you used:
 17916 strings out of 476331
 329868 string characters out of 5780649
 1887660 words of memory out of 5000000
 37642 multiletter control sequences out of 15000+600000
 526008 words of font info for 78 fonts, out of 8000000 for 9000
 1141 hyphenation exceptions out of 8191
 108i,20n,106p,10672b,827s stack positions out of 10000i,1000n,20000p,200000b,200000s
 <C:\Users\Yeison Daniel Molina\AppData\Local\MiKTeX\fonts/pk/ljfour/jknappen/ec/dpi600\tcrm1200.pk><C:/Users/Yeison Daniel Molina/AppData/Local/Programs/MiKTeX/fonts/type1/public/amsfonts/cm/cmbx10.pfb><C:/Users/Yeison Daniel Molina/AppData/Local/Programs/MiKTeX/fonts/type1/public/amsfonts/cm/cmbx12.pfb><C:/Users/Yeison Daniel Molina/AppData/Local/Programs/MiKTeX/fonts/type1/public/amsfonts/cm/cmbxti10.pfb><C:/Users/Yeison Daniel Molina/AppData/Local/Programs/MiKTeX/fonts/type1/public/amsfonts/cm/cmcsc10.pfb><C:/Users/Yeison Daniel Molina/AppData/Local/Programs/MiKTeX/fonts/type1/public/amsfonts/cm/cmex10.pfb><C:/Users/Yeison Daniel Molina/AppData/Local/Programs/MiKTeX/fonts/type1/public/amsfonts/cm/cmmi12.pfb><C:/Users/Yeison Daniel Molina/AppData/Local/Programs/MiKTeX/fonts/type1/public/amsfonts/cm/cmmi6.pfb><C:/Users/Yeison Daniel Molina/AppData/Local/Programs/MiKTeX/fonts/type1/public/amsfonts/cm/cmmi8.pfb><C:/Users/Yeison Daniel Molina/AppData/Local/Programs/MiKTeX/fonts/type1/public/amsfonts/cm/cmr10.pfb><C:/Users/Yeison Daniel Molina/AppData/Local/Programs/MiKTeX/fonts/type1/public/amsfonts/cm/cmr12.pfb><C:/Users/Yeison Daniel Molina/AppData/Local/Programs/MiKTeX/fonts/type1/public/amsfonts/cm/cmr8.pfb><C:/Users/Yeison Daniel Molina/AppData/Local/Programs/MiKTeX/fonts/type1/public/amsfonts/cm/cmssbx10.pfb><C:/Users/Yeison Daniel Molina/AppData/Local/Programs/MiKTeX/fonts/type1/public/amsfonts/cm/cmsy10.pfb><C:/Users/Yeison Daniel Molina/AppData/Local/Programs/MiKTeX/fonts/type1/public/amsfonts/cm/cmsy8.pfb><C:/Users/Yeison Daniel Molina/AppData/Local/Programs/MiKTeX/fonts/type1/public/amsfonts/cm/cmti12.pfb><C:/Users/Yeison Daniel Molina/AppData/Local/Programs/MiKTeX/fonts/type1/public/amsfonts/cm/cmti8.pfb>
Output written on EncabezadoTesisMSc.pdf (105 pages, 60840328 bytes).
PDF statistics:
 1275 PDF objects out of 1440 (max. 8388607)
 304 named destinations out of 1000 (max. 500000)
 529 words of extra memory for PDF output out of 10000 (max. 10000000)

